{"C:\\Users\\eudes.neto\\Desktop\\frontend-challange-react\\Loteria\\mocks\\axiosMock.ts": {"path":"C:\\Users\\eudes.neto\\Desktop\\frontend-challange-react\\Loteria\\mocks\\axiosMock.ts","all":false,"statementMap":{"0":{"start":{"line":1,"column":0},"end":{"line":1,"column":26}},"1":{"start":{"line":2,"column":0},"end":{"line":2,"column":0}},"2":{"start":{"line":3,"column":0},"end":{"line":3,"column":37}},"3":{"start":{"line":4,"column":0},"end":{"line":4,"column":35}},"4":{"start":{"line":5,"column":0},"end":{"line":5,"column":63}},"5":{"start":{"line":6,"column":0},"end":{"line":6,"column":4}},"6":{"start":{"line":7,"column":0},"end":{"line":7,"column":31}},"7":{"start":{"line":8,"column":0},"end":{"line":8,"column":1}}},"s":{"0":1,"1":1,"2":1,"3":1,"4":1,"5":1,"6":1,"7":1},"branchMap":{"0":{"type":"branch","line":3,"loc":{"start":{"line":3,"column":22},"end":{"line":3,"column":33}},"locations":[{"start":{"line":3,"column":22},"end":{"line":3,"column":33}}]},"1":{"type":"branch","line":3,"loc":{"start":{"line":3,"column":7},"end":{"line":8,"column":1}},"locations":[{"start":{"line":3,"column":7},"end":{"line":8,"column":1}}]}},"b":{"0":[1],"1":[1]},"fnMap":{"0":{"name":"get","decl":{"start":{"line":3,"column":22},"end":{"line":3,"column":33}},"loc":{"start":{"line":3,"column":22},"end":{"line":3,"column":33}},"line":3},"1":{"name":"GetConcurso","decl":{"start":{"line":3,"column":7},"end":{"line":8,"column":1}},"loc":{"start":{"line":3,"column":7},"end":{"line":8,"column":1}},"line":3}},"f":{"0":1,"1":1}}
,"C:\\Users\\eudes.neto\\Desktop\\frontend-challange-react\\Loteria\\mocks\\fileMock.js": {"path":"C:\\Users\\eudes.neto\\Desktop\\frontend-challange-react\\Loteria\\mocks\\fileMock.js","all":false,"statementMap":{"0":{"start":{"line":1,"column":0},"end":{"line":1,"column":18}}},"s":{"0":1},"branchMap":{"0":{"type":"branch","line":1,"loc":{"start":{"line":1,"column":0},"end":{"line":1,"column":15}},"locations":[{"start":{"line":1,"column":0},"end":{"line":1,"column":15}}]}},"b":{"0":[2]},"fnMap":{"0":{"name":"get","decl":{"start":{"line":1,"column":0},"end":{"line":1,"column":15}},"loc":{"start":{"line":1,"column":0},"end":{"line":1,"column":15}},"line":1}},"f":{"0":2}}
,"C:\\Users\\eudes.neto\\Desktop\\frontend-challange-react\\Loteria\\src\\App.tsx": {"path":"C:\\Users\\eudes.neto\\Desktop\\frontend-challange-react\\Loteria\\src\\App.tsx","all":false,"statementMap":{"0":{"start":{"line":1,"column":0},"end":{"line":1,"column":64}},"1":{"start":{"line":2,"column":0},"end":{"line":2,"column":0}},"2":{"start":{"line":3,"column":0},"end":{"line":3,"column":39}},"3":{"start":{"line":4,"column":0},"end":{"line":4,"column":0}},"4":{"start":{"line":5,"column":0},"end":{"line":5,"column":16}},"5":{"start":{"line":6,"column":0},"end":{"line":6,"column":10}},"6":{"start":{"line":7,"column":0},"end":{"line":7,"column":6}},"7":{"start":{"line":8,"column":0},"end":{"line":8,"column":20}},"8":{"start":{"line":9,"column":0},"end":{"line":9,"column":21}},"9":{"start":{"line":10,"column":0},"end":{"line":10,"column":7}},"10":{"start":{"line":11,"column":0},"end":{"line":11,"column":4}},"11":{"start":{"line":12,"column":0},"end":{"line":12,"column":1}},"12":{"start":{"line":13,"column":0},"end":{"line":13,"column":0}},"13":{"start":{"line":14,"column":0},"end":{"line":14,"column":19}}},"s":{"0":1,"1":1,"2":1,"3":1,"4":1,"5":1,"6":1,"7":1,"8":1,"9":1,"10":1,"11":1,"12":1,"13":1},"branchMap":{"0":{"type":"branch","line":14,"loc":{"start":{"line":14,"column":0},"end":{"line":14,"column":15}},"locations":[{"start":{"line":14,"column":0},"end":{"line":14,"column":15}}]},"1":{"type":"branch","line":5,"loc":{"start":{"line":5,"column":0},"end":{"line":12,"column":1}},"locations":[{"start":{"line":5,"column":0},"end":{"line":12,"column":1}}]}},"b":{"0":[1],"1":[1]},"fnMap":{"0":{"name":"get","decl":{"start":{"line":14,"column":0},"end":{"line":14,"column":15}},"loc":{"start":{"line":14,"column":0},"end":{"line":14,"column":15}},"line":14},"1":{"name":"App","decl":{"start":{"line":5,"column":0},"end":{"line":12,"column":1}},"loc":{"start":{"line":5,"column":0},"end":{"line":12,"column":1}},"line":5}},"f":{"0":1,"1":1}}
,"C:\\Users\\eudes.neto\\Desktop\\frontend-challange-react\\Loteria\\src\\global.ts": {"path":"C:\\Users\\eudes.neto\\Desktop\\frontend-challange-react\\Loteria\\src\\global.ts","all":false,"statementMap":{"0":{"start":{"line":1,"column":0},"end":{"line":1,"column":54}},"1":{"start":{"line":2,"column":0},"end":{"line":2,"column":0}},"2":{"start":{"line":3,"column":0},"end":{"line":3,"column":45}},"3":{"start":{"line":4,"column":0},"end":{"line":4,"column":5}},"4":{"start":{"line":5,"column":0},"end":{"line":5,"column":14}},"5":{"start":{"line":6,"column":0},"end":{"line":6,"column":15}},"6":{"start":{"line":7,"column":0},"end":{"line":7,"column":15}},"7":{"start":{"line":8,"column":0},"end":{"line":8,"column":42}},"8":{"start":{"line":9,"column":0},"end":{"line":9,"column":35}},"9":{"start":{"line":10,"column":0},"end":{"line":10,"column":27}},"10":{"start":{"line":11,"column":0},"end":{"line":11,"column":29}},"11":{"start":{"line":12,"column":0},"end":{"line":12,"column":17}},"12":{"start":{"line":13,"column":0},"end":{"line":13,"column":3}},"13":{"start":{"line":14,"column":0},"end":{"line":14,"column":0}},"14":{"start":{"line":15,"column":0},"end":{"line":15,"column":13}},"15":{"start":{"line":16,"column":0},"end":{"line":16,"column":39}},"16":{"start":{"line":17,"column":0},"end":{"line":17,"column":23}},"17":{"start":{"line":18,"column":0},"end":{"line":18,"column":3}},"18":{"start":{"line":19,"column":0},"end":{"line":19,"column":0}},"19":{"start":{"line":20,"column":0},"end":{"line":20,"column":2}},"20":{"start":{"line":21,"column":0},"end":{"line":21,"column":9}},"21":{"start":{"line":22,"column":0},"end":{"line":22,"column":23}},"22":{"start":{"line":23,"column":0},"end":{"line":23,"column":21}},"23":{"start":{"line":24,"column":0},"end":{"line":24,"column":14}},"24":{"start":{"line":25,"column":0},"end":{"line":25,"column":15}},"25":{"start":{"line":26,"column":0},"end":{"line":26,"column":3}},"26":{"start":{"line":27,"column":0},"end":{"line":27,"column":2}},"27":{"start":{"line":28,"column":0},"end":{"line":28,"column":0}},"28":{"start":{"line":29,"column":0},"end":{"line":29,"column":23}},"29":{"start":{"line":30,"column":0},"end":{"line":30,"column":40}},"30":{"start":{"line":31,"column":0},"end":{"line":31,"column":3}},"31":{"start":{"line":32,"column":0},"end":{"line":32,"column":0}},"32":{"start":{"line":33,"column":0},"end":{"line":33,"column":10}},"33":{"start":{"line":34,"column":0},"end":{"line":34,"column":20}},"34":{"start":{"line":35,"column":0},"end":{"line":35,"column":3}},"35":{"start":{"line":36,"column":0},"end":{"line":36,"column":2}}},"s":{"0":1,"1":1,"2":1,"3":1,"4":1,"5":1,"6":1,"7":1,"8":1,"9":1,"10":1,"11":1,"12":1,"13":1,"14":1,"15":1,"16":1,"17":1,"18":1,"19":1,"20":1,"21":1,"22":1,"23":1,"24":1,"25":1,"26":1,"27":1,"28":1,"29":1,"30":1,"31":1,"32":1,"33":1,"34":1,"35":1},"branchMap":{"0":{"type":"branch","line":3,"loc":{"start":{"line":3,"column":13},"end":{"line":3,"column":24}},"locations":[{"start":{"line":3,"column":13},"end":{"line":3,"column":24}}]}},"b":{"0":[1]},"fnMap":{"0":{"name":"get","decl":{"start":{"line":3,"column":13},"end":{"line":3,"column":24}},"loc":{"start":{"line":3,"column":13},"end":{"line":3,"column":24}},"line":3}},"f":{"0":1}}
,"C:\\Users\\eudes.neto\\Desktop\\frontend-challange-react\\Loteria\\src\\components\\circleWithNumber\\circle.tsx": {"path":"C:\\Users\\eudes.neto\\Desktop\\frontend-challange-react\\Loteria\\src\\components\\circleWithNumber\\circle.tsx","all":false,"statementMap":{"0":{"start":{"line":1,"column":0},"end":{"line":1,"column":35}},"1":{"start":{"line":2,"column":0},"end":{"line":2,"column":51}},"2":{"start":{"line":3,"column":0},"end":{"line":3,"column":51}},"3":{"start":{"line":4,"column":0},"end":{"line":4,"column":0}},"4":{"start":{"line":5,"column":0},"end":{"line":5,"column":36}},"5":{"start":{"line":6,"column":0},"end":{"line":6,"column":49}},"6":{"start":{"line":7,"column":0},"end":{"line":7,"column":0}},"7":{"start":{"line":8,"column":0},"end":{"line":8,"column":10}},"8":{"start":{"line":9,"column":0},"end":{"line":9,"column":21}},"9":{"start":{"line":10,"column":0},"end":{"line":10,"column":50}},"10":{"start":{"line":11,"column":0},"end":{"line":11,"column":42}},"11":{"start":{"line":12,"column":0},"end":{"line":12,"column":9}},"12":{"start":{"line":13,"column":0},"end":{"line":13,"column":22}},"13":{"start":{"line":14,"column":0},"end":{"line":14,"column":4}},"14":{"start":{"line":15,"column":0},"end":{"line":15,"column":1}}},"s":{"0":1,"1":1,"2":1,"3":1,"4":1,"5":2,"6":2,"7":2,"8":2,"9":2,"10":2,"11":2,"12":2,"13":2,"14":2},"branchMap":{"0":{"type":"branch","line":5,"loc":{"start":{"line":5,"column":16},"end":{"line":5,"column":32}},"locations":[{"start":{"line":5,"column":16},"end":{"line":5,"column":32}}]},"1":{"type":"branch","line":5,"loc":{"start":{"line":5,"column":7},"end":{"line":15,"column":1}},"locations":[{"start":{"line":5,"column":7},"end":{"line":15,"column":1}}]},"2":{"type":"branch","line":10,"loc":{"start":{"line":10,"column":17},"end":{"line":10,"column":26}},"locations":[{"start":{"line":10,"column":17},"end":{"line":10,"column":26}}]}},"b":{"0":[2],"1":[2],"2":[0]},"fnMap":{"0":{"name":"get","decl":{"start":{"line":5,"column":16},"end":{"line":5,"column":32}},"loc":{"start":{"line":5,"column":16},"end":{"line":5,"column":32}},"line":5},"1":{"name":"CircleWithNumber","decl":{"start":{"line":5,"column":7},"end":{"line":15,"column":1}},"loc":{"start":{"line":5,"column":7},"end":{"line":15,"column":1}},"line":5}},"f":{"0":2,"1":2}}
,"C:\\Users\\eudes.neto\\Desktop\\frontend-challange-react\\Loteria\\src\\components\\circleWithNumber\\styles.ts": {"path":"C:\\Users\\eudes.neto\\Desktop\\frontend-challange-react\\Loteria\\src\\components\\circleWithNumber\\styles.ts","all":false,"statementMap":{"0":{"start":{"line":1,"column":0},"end":{"line":1,"column":39}},"1":{"start":{"line":2,"column":0},"end":{"line":2,"column":49}},"2":{"start":{"line":3,"column":0},"end":{"line":3,"column":0}},"3":{"start":{"line":4,"column":0},"end":{"line":4,"column":42}},"4":{"start":{"line":5,"column":0},"end":{"line":5,"column":16}},"5":{"start":{"line":6,"column":0},"end":{"line":6,"column":28}},"6":{"start":{"line":7,"column":0},"end":{"line":7,"column":22}},"7":{"start":{"line":8,"column":0},"end":{"line":8,"column":11}},"8":{"start":{"line":9,"column":0},"end":{"line":9,"column":26}},"9":{"start":{"line":10,"column":0},"end":{"line":10,"column":18}},"10":{"start":{"line":11,"column":0},"end":{"line":11,"column":15}},"11":{"start":{"line":12,"column":0},"end":{"line":12,"column":36}},"12":{"start":{"line":13,"column":0},"end":{"line":13,"column":39}},"13":{"start":{"line":14,"column":0},"end":{"line":14,"column":15}},"14":{"start":{"line":15,"column":0},"end":{"line":15,"column":14}},"15":{"start":{"line":16,"column":0},"end":{"line":16,"column":21}},"16":{"start":{"line":17,"column":0},"end":{"line":17,"column":23}},"17":{"start":{"line":18,"column":0},"end":{"line":18,"column":18}},"18":{"start":{"line":19,"column":0},"end":{"line":19,"column":3}},"19":{"start":{"line":20,"column":0},"end":{"line":20,"column":0}},"20":{"start":{"line":21,"column":0},"end":{"line":21,"column":29}},"21":{"start":{"line":22,"column":0},"end":{"line":22,"column":33}},"22":{"start":{"line":23,"column":0},"end":{"line":23,"column":38}},"23":{"start":{"line":24,"column":0},"end":{"line":24,"column":39}},"24":{"start":{"line":25,"column":0},"end":{"line":25,"column":23}},"25":{"start":{"line":26,"column":0},"end":{"line":26,"column":3}},"26":{"start":{"line":27,"column":0},"end":{"line":27,"column":2}},"27":{"start":{"line":28,"column":0},"end":{"line":28,"column":33}},"28":{"start":{"line":29,"column":0},"end":{"line":29,"column":16}},"29":{"start":{"line":30,"column":0},"end":{"line":30,"column":29}},"30":{"start":{"line":31,"column":0},"end":{"line":31,"column":21}},"31":{"start":{"line":32,"column":0},"end":{"line":32,"column":21}},"32":{"start":{"line":33,"column":0},"end":{"line":33,"column":22}},"33":{"start":{"line":34,"column":0},"end":{"line":34,"column":26}},"34":{"start":{"line":35,"column":0},"end":{"line":35,"column":13}},"35":{"start":{"line":36,"column":0},"end":{"line":36,"column":14}},"36":{"start":{"line":37,"column":0},"end":{"line":37,"column":20}},"37":{"start":{"line":38,"column":0},"end":{"line":38,"column":19}},"38":{"start":{"line":39,"column":0},"end":{"line":39,"column":16}},"39":{"start":{"line":40,"column":0},"end":{"line":40,"column":0}},"40":{"start":{"line":41,"column":0},"end":{"line":41,"column":29}},"41":{"start":{"line":42,"column":0},"end":{"line":42,"column":21}},"42":{"start":{"line":43,"column":0},"end":{"line":43,"column":3}},"43":{"start":{"line":44,"column":0},"end":{"line":44,"column":2}}},"s":{"0":1,"1":1,"2":1,"3":1,"4":1,"5":1,"6":1,"7":1,"8":1,"9":1,"10":1,"11":1,"12":1,"13":1,"14":1,"15":1,"16":1,"17":1,"18":1,"19":1,"20":1,"21":1,"22":1,"23":1,"24":1,"25":1,"26":1,"27":1,"28":1,"29":1,"30":1,"31":1,"32":1,"33":1,"34":1,"35":1,"36":1,"37":1,"38":1,"39":1,"40":1,"41":1,"42":1,"43":1},"branchMap":{"0":{"type":"branch","line":4,"loc":{"start":{"line":4,"column":28},"end":{"line":4,"column":27}},"locations":[{"start":{"line":4,"column":28},"end":{"line":4,"column":27}}]}},"b":{"0":[2]},"fnMap":{"0":{"name":"ContainerCircle","decl":{"start":{"line":4,"column":28},"end":{"line":4,"column":27}},"loc":{"start":{"line":4,"column":28},"end":{"line":4,"column":27}},"line":4},"1":{"name":"Circle","decl":{"start":{"line":28,"column":19},"end":{"line":28,"column":18}},"loc":{"start":{"line":28,"column":19},"end":{"line":28,"column":18}},"line":28}},"f":{"0":2,"1":0}}
,"C:\\Users\\eudes.neto\\Desktop\\frontend-challange-react\\Loteria\\src\\components\\dropdown\\dropdown.tsx": {"path":"C:\\Users\\eudes.neto\\Desktop\\frontend-challange-react\\Loteria\\src\\components\\dropdown\\dropdown.tsx","all":false,"statementMap":{"0":{"start":{"line":1,"column":0},"end":{"line":1,"column":75}},"1":{"start":{"line":2,"column":0},"end":{"line":2,"column":60}},"2":{"start":{"line":3,"column":0},"end":{"line":3,"column":34}},"3":{"start":{"line":4,"column":0},"end":{"line":4,"column":0}},"4":{"start":{"line":5,"column":0},"end":{"line":5,"column":28}},"5":{"start":{"line":6,"column":0},"end":{"line":6,"column":76}},"6":{"start":{"line":7,"column":0},"end":{"line":7,"column":0}},"7":{"start":{"line":8,"column":0},"end":{"line":8,"column":32}},"8":{"start":{"line":9,"column":0},"end":{"line":9,"column":13}},"9":{"start":{"line":10,"column":0},"end":{"line":10,"column":17}},"10":{"start":{"line":11,"column":0},"end":{"line":11,"column":25}},"11":{"start":{"line":12,"column":0},"end":{"line":12,"column":39}},"12":{"start":{"line":13,"column":0},"end":{"line":13,"column":6}},"13":{"start":{"line":14,"column":0},"end":{"line":14,"column":9}},"14":{"start":{"line":15,"column":0},"end":{"line":15,"column":45}},"15":{"start":{"line":16,"column":0},"end":{"line":16,"column":46}},"16":{"start":{"line":17,"column":0},"end":{"line":17,"column":41}},"17":{"start":{"line":18,"column":0},"end":{"line":18,"column":21}},"18":{"start":{"line":19,"column":0},"end":{"line":19,"column":42}},"19":{"start":{"line":20,"column":0},"end":{"line":20,"column":4}},"20":{"start":{"line":21,"column":0},"end":{"line":21,"column":0}},"21":{"start":{"line":22,"column":0},"end":{"line":22,"column":10}},"22":{"start":{"line":23,"column":0},"end":{"line":23,"column":9}},"23":{"start":{"line":24,"column":0},"end":{"line":24,"column":59}},"24":{"start":{"line":25,"column":0},"end":{"line":25,"column":43}},"25":{"start":{"line":26,"column":0},"end":{"line":26,"column":17}},"26":{"start":{"line":27,"column":0},"end":{"line":27,"column":51}},"27":{"start":{"line":28,"column":0},"end":{"line":28,"column":35}},"28":{"start":{"line":29,"column":0},"end":{"line":29,"column":25}},"29":{"start":{"line":30,"column":0},"end":{"line":30,"column":11}},"30":{"start":{"line":31,"column":0},"end":{"line":31,"column":23}},"31":{"start":{"line":32,"column":0},"end":{"line":32,"column":19}},"32":{"start":{"line":33,"column":0},"end":{"line":33,"column":11}},"33":{"start":{"line":34,"column":0},"end":{"line":34,"column":15}},"34":{"start":{"line":35,"column":0},"end":{"line":35,"column":10}},"35":{"start":{"line":36,"column":0},"end":{"line":36,"column":4}},"36":{"start":{"line":37,"column":0},"end":{"line":37,"column":1}}},"s":{"0":1,"1":1,"2":1,"3":1,"4":1,"5":2,"6":2,"7":2,"8":0,"9":0,"10":0,"11":0,"12":0,"13":0,"14":0,"15":0,"16":0,"17":0,"18":0,"19":2,"20":2,"21":2,"22":2,"23":2,"24":2,"25":0,"26":0,"27":0,"28":0,"29":2,"30":2,"31":2,"32":2,"33":2,"34":2,"35":2,"36":2},"branchMap":{"0":{"type":"branch","line":5,"loc":{"start":{"line":5,"column":16},"end":{"line":5,"column":24}},"locations":[{"start":{"line":5,"column":16},"end":{"line":5,"column":24}}]},"1":{"type":"branch","line":5,"loc":{"start":{"line":5,"column":7},"end":{"line":37,"column":1}},"locations":[{"start":{"line":5,"column":7},"end":{"line":37,"column":1}}]},"2":{"type":"branch","line":25,"loc":{"start":{"line":25,"column":17},"end":{"line":25,"column":22}},"locations":[{"start":{"line":25,"column":17},"end":{"line":25,"column":22}}]}},"b":{"0":[2],"1":[2],"2":[0]},"fnMap":{"0":{"name":"get","decl":{"start":{"line":5,"column":16},"end":{"line":5,"column":24}},"loc":{"start":{"line":5,"column":16},"end":{"line":5,"column":24}},"line":5},"1":{"name":"Dropdown","decl":{"start":{"line":5,"column":7},"end":{"line":37,"column":1}},"loc":{"start":{"line":5,"column":7},"end":{"line":37,"column":1}},"line":5},"2":{"name":"handleChange","decl":{"start":{"line":8,"column":23},"end":{"line":20,"column":3}},"loc":{"start":{"line":8,"column":23},"end":{"line":20,"column":3}},"line":8}},"f":{"0":2,"1":2,"2":0}}
,"C:\\Users\\eudes.neto\\Desktop\\frontend-challange-react\\Loteria\\src\\components\\dropdown\\styles.ts": {"path":"C:\\Users\\eudes.neto\\Desktop\\frontend-challange-react\\Loteria\\src\\components\\dropdown\\styles.ts","all":false,"statementMap":{"0":{"start":{"line":1,"column":0},"end":{"line":1,"column":39}},"1":{"start":{"line":2,"column":0},"end":{"line":2,"column":0}},"2":{"start":{"line":3,"column":0},"end":{"line":3,"column":36}},"3":{"start":{"line":4,"column":0},"end":{"line":4,"column":16}},"4":{"start":{"line":5,"column":0},"end":{"line":5,"column":25}},"5":{"start":{"line":6,"column":0},"end":{"line":6,"column":21}},"6":{"start":{"line":7,"column":0},"end":{"line":7,"column":22}},"7":{"start":{"line":8,"column":0},"end":{"line":8,"column":14}},"8":{"start":{"line":9,"column":0},"end":{"line":9,"column":14}},"9":{"start":{"line":10,"column":0},"end":{"line":10,"column":20}},"10":{"start":{"line":11,"column":0},"end":{"line":11,"column":29}},"11":{"start":{"line":12,"column":0},"end":{"line":12,"column":2}}},"s":{"0":1,"1":1,"2":1,"3":1,"4":1,"5":1,"6":1,"7":1,"8":1,"9":1,"10":1,"11":1},"branchMap":{"0":{"type":"branch","line":3,"loc":{"start":{"line":3,"column":13},"end":{"line":3,"column":19}},"locations":[{"start":{"line":3,"column":13},"end":{"line":3,"column":19}}]}},"b":{"0":[2]},"fnMap":{"0":{"name":"get","decl":{"start":{"line":3,"column":13},"end":{"line":3,"column":19}},"loc":{"start":{"line":3,"column":13},"end":{"line":3,"column":19}},"line":3}},"f":{"0":2}}
,"C:\\Users\\eudes.neto\\Desktop\\frontend-challange-react\\Loteria\\src\\components\\mainScreen\\mainScreen.tsx": {"path":"C:\\Users\\eudes.neto\\Desktop\\frontend-challange-react\\Loteria\\src\\components\\mainScreen\\mainScreen.tsx","all":false,"statementMap":{"0":{"start":{"line":1,"column":0},"end":{"line":1,"column":77}},"1":{"start":{"line":2,"column":0},"end":{"line":2,"column":62}},"2":{"start":{"line":3,"column":0},"end":{"line":3,"column":0}},"3":{"start":{"line":4,"column":0},"end":{"line":4,"column":53}},"4":{"start":{"line":5,"column":0},"end":{"line":5,"column":48}},"5":{"start":{"line":6,"column":0},"end":{"line":6,"column":51}},"6":{"start":{"line":7,"column":0},"end":{"line":7,"column":48}},"7":{"start":{"line":8,"column":0},"end":{"line":8,"column":0}},"8":{"start":{"line":9,"column":0},"end":{"line":9,"column":44}},"9":{"start":{"line":10,"column":0},"end":{"line":10,"column":74}},"10":{"start":{"line":11,"column":0},"end":{"line":11,"column":39}},"11":{"start":{"line":12,"column":0},"end":{"line":12,"column":41}},"12":{"start":{"line":13,"column":0},"end":{"line":13,"column":37}},"13":{"start":{"line":14,"column":0},"end":{"line":14,"column":0}},"14":{"start":{"line":15,"column":0},"end":{"line":15,"column":19}},"15":{"start":{"line":16,"column":0},"end":{"line":16,"column":21}},"16":{"start":{"line":17,"column":0},"end":{"line":17,"column":62}},"17":{"start":{"line":18,"column":0},"end":{"line":18,"column":23}},"18":{"start":{"line":19,"column":0},"end":{"line":19,"column":24}},"19":{"start":{"line":20,"column":0},"end":{"line":20,"column":22}},"20":{"start":{"line":21,"column":0},"end":{"line":21,"column":5}},"21":{"start":{"line":22,"column":0},"end":{"line":22,"column":19}},"22":{"start":{"line":23,"column":0},"end":{"line":23,"column":0}},"23":{"start":{"line":24,"column":0},"end":{"line":24,"column":10}},"24":{"start":{"line":25,"column":0},"end":{"line":25,"column":6}},"25":{"start":{"line":26,"column":0},"end":{"line":26,"column":47}},"26":{"start":{"line":27,"column":0},"end":{"line":27,"column":17}},"27":{"start":{"line":28,"column":0},"end":{"line":28,"column":22}},"28":{"start":{"line":29,"column":0},"end":{"line":29,"column":17}},"29":{"start":{"line":30,"column":0},"end":{"line":30,"column":35}},"30":{"start":{"line":31,"column":0},"end":{"line":31,"column":17}},"31":{"start":{"line":32,"column":0},"end":{"line":32,"column":59}},"32":{"start":{"line":33,"column":0},"end":{"line":33,"column":18}},"33":{"start":{"line":34,"column":0},"end":{"line":34,"column":18}},"34":{"start":{"line":35,"column":0},"end":{"line":35,"column":17}},"35":{"start":{"line":36,"column":0},"end":{"line":36,"column":13}},"36":{"start":{"line":37,"column":0},"end":{"line":37,"column":20}},"37":{"start":{"line":38,"column":0},"end":{"line":38,"column":18}},"38":{"start":{"line":39,"column":0},"end":{"line":39,"column":15}},"39":{"start":{"line":40,"column":0},"end":{"line":40,"column":28}},"40":{"start":{"line":41,"column":0},"end":{"line":41,"column":75}},"41":{"start":{"line":42,"column":0},"end":{"line":42,"column":16}},"42":{"start":{"line":43,"column":0},"end":{"line":43,"column":14}},"43":{"start":{"line":44,"column":0},"end":{"line":44,"column":18}},"44":{"start":{"line":45,"column":0},"end":{"line":45,"column":28}},"45":{"start":{"line":46,"column":0},"end":{"line":46,"column":18}},"46":{"start":{"line":47,"column":0},"end":{"line":47,"column":7}},"47":{"start":{"line":48,"column":0},"end":{"line":48,"column":4}},"48":{"start":{"line":49,"column":0},"end":{"line":49,"column":1}}},"s":{"0":1,"1":1,"2":1,"3":1,"4":1,"5":1,"6":1,"7":1,"8":1,"9":2,"10":2,"11":2,"12":2,"13":2,"14":2,"15":2,"16":0,"17":0,"18":0,"19":0,"20":0,"21":2,"22":2,"23":2,"24":2,"25":2,"26":2,"27":2,"28":2,"29":2,"30":2,"31":2,"32":2,"33":2,"34":2,"35":2,"36":2,"37":2,"38":2,"39":2,"40":2,"41":2,"42":2,"43":2,"44":2,"45":2,"46":2,"47":2,"48":2},"branchMap":{"0":{"type":"branch","line":9,"loc":{"start":{"line":9,"column":16},"end":{"line":9,"column":26}},"locations":[{"start":{"line":9,"column":16},"end":{"line":9,"column":26}}]},"1":{"type":"branch","line":9,"loc":{"start":{"line":9,"column":7},"end":{"line":49,"column":1}},"locations":[{"start":{"line":9,"column":7},"end":{"line":49,"column":1}}]},"2":{"type":"branch","line":40,"loc":{"start":{"line":40,"column":25},"end":{"line":41,"column":74}},"locations":[{"start":{"line":40,"column":25},"end":{"line":41,"column":74}}]},"3":{"type":"branch","line":15,"loc":{"start":{"line":15,"column":12},"end":{"line":22,"column":5}},"locations":[{"start":{"line":15,"column":12},"end":{"line":22,"column":5}}]},"4":{"type":"branch","line":16,"loc":{"start":{"line":16,"column":20},"end":{"line":21,"column":5}},"locations":[{"start":{"line":16,"column":20},"end":{"line":21,"column":5}}]}},"b":{"0":[2],"1":[2],"2":[0],"3":[2],"4":[0]},"fnMap":{"0":{"name":"get","decl":{"start":{"line":9,"column":16},"end":{"line":9,"column":26}},"loc":{"start":{"line":9,"column":16},"end":{"line":9,"column":26}},"line":9},"1":{"name":"MainScreen","decl":{"start":{"line":9,"column":7},"end":{"line":49,"column":1}},"loc":{"start":{"line":9,"column":7},"end":{"line":49,"column":1}},"line":9}},"f":{"0":2,"1":2}}
,"C:\\Users\\eudes.neto\\Desktop\\frontend-challange-react\\Loteria\\src\\components\\mainScreen\\styles.ts": {"path":"C:\\Users\\eudes.neto\\Desktop\\frontend-challange-react\\Loteria\\src\\components\\mainScreen\\styles.ts","all":false,"statementMap":{"0":{"start":{"line":1,"column":0},"end":{"line":1,"column":37}},"1":{"start":{"line":2,"column":0},"end":{"line":2,"column":39}},"2":{"start":{"line":3,"column":0},"end":{"line":3,"column":54}},"3":{"start":{"line":4,"column":0},"end":{"line":4,"column":8}},"4":{"start":{"line":5,"column":0},"end":{"line":5,"column":8}},"5":{"start":{"line":6,"column":0},"end":{"line":6,"column":8}},"6":{"start":{"line":7,"column":0},"end":{"line":7,"column":7}},"7":{"start":{"line":8,"column":0},"end":{"line":8,"column":9}},"8":{"start":{"line":9,"column":0},"end":{"line":9,"column":12}},"9":{"start":{"line":10,"column":0},"end":{"line":10,"column":9}},"10":{"start":{"line":11,"column":0},"end":{"line":11,"column":8}},"11":{"start":{"line":12,"column":0},"end":{"line":12,"column":28}},"12":{"start":{"line":13,"column":0},"end":{"line":13,"column":0}},"13":{"start":{"line":14,"column":0},"end":{"line":14,"column":50}},"14":{"start":{"line":15,"column":0},"end":{"line":15,"column":16}},"15":{"start":{"line":16,"column":0},"end":{"line":16,"column":15}},"16":{"start":{"line":17,"column":0},"end":{"line":17,"column":19}},"17":{"start":{"line":18,"column":0},"end":{"line":18,"column":0}},"18":{"start":{"line":19,"column":0},"end":{"line":19,"column":57}},"19":{"start":{"line":20,"column":0},"end":{"line":20,"column":31}},"20":{"start":{"line":21,"column":0},"end":{"line":21,"column":13}},"21":{"start":{"line":22,"column":0},"end":{"line":22,"column":31}},"22":{"start":{"line":23,"column":0},"end":{"line":23,"column":14}},"23":{"start":{"line":24,"column":0},"end":{"line":24,"column":35}},"24":{"start":{"line":25,"column":0},"end":{"line":25,"column":12}},"25":{"start":{"line":26,"column":0},"end":{"line":26,"column":35}},"26":{"start":{"line":27,"column":0},"end":{"line":27,"column":14}},"27":{"start":{"line":28,"column":0},"end":{"line":28,"column":35}},"28":{"start":{"line":29,"column":0},"end":{"line":29,"column":17}},"29":{"start":{"line":30,"column":0},"end":{"line":30,"column":38}},"30":{"start":{"line":31,"column":0},"end":{"line":31,"column":13}},"31":{"start":{"line":32,"column":0},"end":{"line":32,"column":15}},"32":{"start":{"line":33,"column":0},"end":{"line":33,"column":0}},"33":{"start":{"line":34,"column":0},"end":{"line":34,"column":29}},"34":{"start":{"line":35,"column":0},"end":{"line":35,"column":27}},"35":{"start":{"line":36,"column":0},"end":{"line":36,"column":3}},"36":{"start":{"line":37,"column":0},"end":{"line":37,"column":2}},"37":{"start":{"line":38,"column":0},"end":{"line":38,"column":0}},"38":{"start":{"line":39,"column":0},"end":{"line":39,"column":34}},"39":{"start":{"line":40,"column":0},"end":{"line":40,"column":26}},"40":{"start":{"line":41,"column":0},"end":{"line":41,"column":16}},"41":{"start":{"line":42,"column":0},"end":{"line":42,"column":25}},"42":{"start":{"line":43,"column":0},"end":{"line":43,"column":22}},"43":{"start":{"line":44,"column":0},"end":{"line":44,"column":26}},"44":{"start":{"line":45,"column":0},"end":{"line":45,"column":12}},"45":{"start":{"line":46,"column":0},"end":{"line":46,"column":15}},"46":{"start":{"line":47,"column":0},"end":{"line":47,"column":21}},"47":{"start":{"line":48,"column":0},"end":{"line":48,"column":0}},"48":{"start":{"line":49,"column":0},"end":{"line":49,"column":6}},"49":{"start":{"line":50,"column":0},"end":{"line":50,"column":20}},"50":{"start":{"line":51,"column":0},"end":{"line":51,"column":31}},"51":{"start":{"line":52,"column":0},"end":{"line":52,"column":21}},"52":{"start":{"line":53,"column":0},"end":{"line":53,"column":3}},"53":{"start":{"line":54,"column":0},"end":{"line":54,"column":0}},"54":{"start":{"line":55,"column":0},"end":{"line":55,"column":5}},"55":{"start":{"line":56,"column":0},"end":{"line":56,"column":20}},"56":{"start":{"line":57,"column":0},"end":{"line":57,"column":3}},"57":{"start":{"line":58,"column":0},"end":{"line":58,"column":0}},"58":{"start":{"line":59,"column":0},"end":{"line":59,"column":29}},"59":{"start":{"line":60,"column":0},"end":{"line":60,"column":16}},"60":{"start":{"line":61,"column":0},"end":{"line":61,"column":11}},"61":{"start":{"line":62,"column":0},"end":{"line":62,"column":16}},"62":{"start":{"line":63,"column":0},"end":{"line":63,"column":19}},"63":{"start":{"line":64,"column":0},"end":{"line":64,"column":0}},"64":{"start":{"line":65,"column":0},"end":{"line":65,"column":8}},"65":{"start":{"line":66,"column":0},"end":{"line":66,"column":21}},"66":{"start":{"line":67,"column":0},"end":{"line":67,"column":20}},"67":{"start":{"line":68,"column":0},"end":{"line":68,"column":5}},"68":{"start":{"line":69,"column":0},"end":{"line":69,"column":0}},"69":{"start":{"line":70,"column":0},"end":{"line":70,"column":7}},"70":{"start":{"line":71,"column":0},"end":{"line":71,"column":23}},"71":{"start":{"line":72,"column":0},"end":{"line":72,"column":5}},"72":{"start":{"line":73,"column":0},"end":{"line":73,"column":3}},"73":{"start":{"line":74,"column":0},"end":{"line":74,"column":0}},"74":{"start":{"line":75,"column":0},"end":{"line":75,"column":30}},"75":{"start":{"line":76,"column":0},"end":{"line":76,"column":11}},"76":{"start":{"line":77,"column":0},"end":{"line":77,"column":3}},"77":{"start":{"line":78,"column":0},"end":{"line":78,"column":2}},"78":{"start":{"line":79,"column":0},"end":{"line":79,"column":0}},"79":{"start":{"line":80,"column":0},"end":{"line":80,"column":32}},"80":{"start":{"line":81,"column":0},"end":{"line":81,"column":16}},"81":{"start":{"line":82,"column":0},"end":{"line":82,"column":22}},"82":{"start":{"line":83,"column":0},"end":{"line":83,"column":26}},"83":{"start":{"line":84,"column":0},"end":{"line":84,"column":0}},"84":{"start":{"line":85,"column":0},"end":{"line":85,"column":7}},"85":{"start":{"line":86,"column":0},"end":{"line":86,"column":21}},"86":{"start":{"line":87,"column":0},"end":{"line":87,"column":26}},"87":{"start":{"line":88,"column":0},"end":{"line":88,"column":15}},"88":{"start":{"line":89,"column":0},"end":{"line":89,"column":3}},"89":{"start":{"line":90,"column":0},"end":{"line":90,"column":0}},"90":{"start":{"line":91,"column":0},"end":{"line":91,"column":7}},"91":{"start":{"line":92,"column":0},"end":{"line":92,"column":15}},"92":{"start":{"line":93,"column":0},"end":{"line":93,"column":3}},"93":{"start":{"line":94,"column":0},"end":{"line":94,"column":0}},"94":{"start":{"line":95,"column":0},"end":{"line":95,"column":29}},"95":{"start":{"line":96,"column":0},"end":{"line":96,"column":16}},"96":{"start":{"line":97,"column":0},"end":{"line":97,"column":27}},"97":{"start":{"line":98,"column":0},"end":{"line":98,"column":15}},"98":{"start":{"line":99,"column":0},"end":{"line":99,"column":0}},"99":{"start":{"line":100,"column":0},"end":{"line":100,"column":9}},"100":{"start":{"line":101,"column":0},"end":{"line":101,"column":21}},"101":{"start":{"line":102,"column":0},"end":{"line":102,"column":18}},"102":{"start":{"line":103,"column":0},"end":{"line":103,"column":5}},"103":{"start":{"line":104,"column":0},"end":{"line":104,"column":3}},"104":{"start":{"line":105,"column":0},"end":{"line":105,"column":2}}},"s":{"0":1,"1":1,"2":1,"3":1,"4":1,"5":1,"6":1,"7":1,"8":1,"9":1,"10":1,"11":1,"12":1,"13":1,"14":1,"15":1,"16":1,"17":1,"18":1,"19":1,"20":1,"21":1,"22":1,"23":1,"24":1,"25":1,"26":1,"27":1,"28":1,"29":1,"30":1,"31":1,"32":1,"33":1,"34":1,"35":1,"36":1,"37":1,"38":1,"39":1,"40":1,"41":1,"42":1,"43":1,"44":1,"45":1,"46":1,"47":1,"48":1,"49":1,"50":1,"51":1,"52":1,"53":1,"54":1,"55":1,"56":1,"57":1,"58":1,"59":1,"60":1,"61":1,"62":1,"63":1,"64":1,"65":1,"66":1,"67":1,"68":1,"69":1,"70":1,"71":1,"72":1,"73":1,"74":1,"75":1,"76":1,"77":1,"78":1,"79":1,"80":1,"81":1,"82":1,"83":1,"84":1,"85":1,"86":1,"87":1,"88":1,"89":1,"90":1,"91":1,"92":1,"93":1,"94":1,"95":1,"96":1,"97":1,"98":1,"99":1,"100":1,"101":1,"102":1,"103":1,"104":1},"branchMap":{"0":{"type":"branch","line":14,"loc":{"start":{"line":14,"column":22},"end":{"line":14,"column":21}},"locations":[{"start":{"line":14,"column":22},"end":{"line":14,"column":21}}]},"1":{"type":"branch","line":39,"loc":{"start":{"line":39,"column":20},"end":{"line":39,"column":19}},"locations":[{"start":{"line":39,"column":20},"end":{"line":39,"column":19}}]},"2":{"type":"branch","line":80,"loc":{"start":{"line":80,"column":18},"end":{"line":80,"column":17}},"locations":[{"start":{"line":80,"column":18},"end":{"line":80,"column":17}}]}},"b":{"0":[2],"1":[2],"2":[2]},"fnMap":{"0":{"name":"Container","decl":{"start":{"line":14,"column":22},"end":{"line":14,"column":21}},"loc":{"start":{"line":14,"column":22},"end":{"line":14,"column":21}},"line":14},"1":{"name":"Sidebar","decl":{"start":{"line":39,"column":20},"end":{"line":39,"column":19}},"loc":{"start":{"line":39,"column":20},"end":{"line":39,"column":19}},"line":39},"2":{"name":"Title","decl":{"start":{"line":80,"column":18},"end":{"line":80,"column":17}},"loc":{"start":{"line":80,"column":18},"end":{"line":80,"column":17}},"line":80}},"f":{"0":2,"1":2,"2":2}}
,"C:\\Users\\eudes.neto\\Desktop\\frontend-challange-react\\Loteria\\src\\providers\\auth.tsx": {"path":"C:\\Users\\eudes.neto\\Desktop\\frontend-challange-react\\Loteria\\src\\providers\\auth.tsx","all":false,"statementMap":{"0":{"start":{"line":1,"column":0},"end":{"line":1,"column":26}},"1":{"start":{"line":2,"column":0},"end":{"line":2,"column":51}},"2":{"start":{"line":3,"column":0},"end":{"line":3,"column":68}},"3":{"start":{"line":4,"column":0},"end":{"line":4,"column":8}},"4":{"start":{"line":5,"column":0},"end":{"line":5,"column":18}},"5":{"start":{"line":6,"column":0},"end":{"line":6,"column":14}},"6":{"start":{"line":7,"column":0},"end":{"line":7,"column":23}},"7":{"start":{"line":8,"column":0},"end":{"line":8,"column":25}},"8":{"start":{"line":9,"column":0},"end":{"line":9,"column":0}},"9":{"start":{"line":10,"column":0},"end":{"line":10,"column":56}},"10":{"start":{"line":11,"column":0},"end":{"line":11,"column":0}},"11":{"start":{"line":12,"column":0},"end":{"line":12,"column":37}},"12":{"start":{"line":13,"column":0},"end":{"line":13,"column":11}},"13":{"start":{"line":14,"column":0},"end":{"line":14,"column":12}},"14":{"start":{"line":15,"column":0},"end":{"line":15,"column":13}},"15":{"start":{"line":16,"column":0},"end":{"line":16,"column":12}},"16":{"start":{"line":17,"column":0},"end":{"line":17,"column":22}},"17":{"start":{"line":18,"column":0},"end":{"line":18,"column":25}},"18":{"start":{"line":19,"column":0},"end":{"line":19,"column":23}},"19":{"start":{"line":20,"column":0},"end":{"line":20,"column":10}},"20":{"start":{"line":21,"column":0},"end":{"line":21,"column":16}},"21":{"start":{"line":22,"column":0},"end":{"line":22,"column":7}},"22":{"start":{"line":23,"column":0},"end":{"line":23,"column":61}},"23":{"start":{"line":24,"column":0},"end":{"line":24,"column":62}},"24":{"start":{"line":25,"column":0},"end":{"line":25,"column":61}},"25":{"start":{"line":26,"column":0},"end":{"line":26,"column":41}},"26":{"start":{"line":27,"column":0},"end":{"line":27,"column":68}},"27":{"start":{"line":28,"column":0},"end":{"line":28,"column":48}},"28":{"start":{"line":29,"column":0},"end":{"line":29,"column":0}},"29":{"start":{"line":30,"column":0},"end":{"line":30,"column":35}},"30":{"start":{"line":31,"column":0},"end":{"line":31,"column":15}},"31":{"start":{"line":32,"column":0},"end":{"line":32,"column":23}},"32":{"start":{"line":33,"column":0},"end":{"line":33,"column":27}},"33":{"start":{"line":34,"column":0},"end":{"line":34,"column":35}},"34":{"start":{"line":35,"column":0},"end":{"line":35,"column":8}},"35":{"start":{"line":36,"column":0},"end":{"line":36,"column":44}},"36":{"start":{"line":37,"column":0},"end":{"line":37,"column":4}},"37":{"start":{"line":38,"column":0},"end":{"line":38,"column":0}},"38":{"start":{"line":39,"column":0},"end":{"line":39,"column":43}},"39":{"start":{"line":40,"column":0},"end":{"line":40,"column":15}},"40":{"start":{"line":41,"column":0},"end":{"line":41,"column":32}},"41":{"start":{"line":42,"column":0},"end":{"line":42,"column":27}},"42":{"start":{"line":43,"column":0},"end":{"line":43,"column":35}},"43":{"start":{"line":44,"column":0},"end":{"line":44,"column":25}},"44":{"start":{"line":45,"column":0},"end":{"line":45,"column":8}},"45":{"start":{"line":46,"column":0},"end":{"line":46,"column":44}},"46":{"start":{"line":47,"column":0},"end":{"line":47,"column":4}},"47":{"start":{"line":48,"column":0},"end":{"line":48,"column":0}},"48":{"start":{"line":49,"column":0},"end":{"line":49,"column":52}},"49":{"start":{"line":50,"column":0},"end":{"line":50,"column":15}},"50":{"start":{"line":51,"column":0},"end":{"line":51,"column":41}},"51":{"start":{"line":52,"column":0},"end":{"line":52,"column":27}},"52":{"start":{"line":53,"column":0},"end":{"line":53,"column":37}},"53":{"start":{"line":54,"column":0},"end":{"line":54,"column":8}},"54":{"start":{"line":55,"column":0},"end":{"line":55,"column":44}},"55":{"start":{"line":56,"column":0},"end":{"line":56,"column":4}},"56":{"start":{"line":57,"column":0},"end":{"line":57,"column":0}},"57":{"start":{"line":58,"column":0},"end":{"line":58,"column":19}},"58":{"start":{"line":59,"column":0},"end":{"line":59,"column":19}},"59":{"start":{"line":60,"column":0},"end":{"line":60,"column":51}},"60":{"start":{"line":61,"column":0},"end":{"line":61,"column":12}},"61":{"start":{"line":62,"column":0},"end":{"line":62,"column":30}},"62":{"start":{"line":63,"column":0},"end":{"line":63,"column":5}},"63":{"start":{"line":64,"column":0},"end":{"line":64,"column":14}},"64":{"start":{"line":65,"column":0},"end":{"line":65,"column":0}},"65":{"start":{"line":66,"column":0},"end":{"line":66,"column":19}},"66":{"start":{"line":67,"column":0},"end":{"line":67,"column":18}},"67":{"start":{"line":68,"column":0},"end":{"line":68,"column":26}},"68":{"start":{"line":69,"column":0},"end":{"line":69,"column":9}},"69":{"start":{"line":70,"column":0},"end":{"line":70,"column":0}},"70":{"start":{"line":71,"column":0},"end":{"line":71,"column":10}},"71":{"start":{"line":72,"column":0},"end":{"line":72,"column":25}},"72":{"start":{"line":73,"column":0},"end":{"line":73,"column":14}},"73":{"start":{"line":74,"column":0},"end":{"line":74,"column":17}},"74":{"start":{"line":75,"column":0},"end":{"line":75,"column":20}},"75":{"start":{"line":76,"column":0},"end":{"line":76,"column":17}},"76":{"start":{"line":77,"column":0},"end":{"line":77,"column":20}},"77":{"start":{"line":78,"column":0},"end":{"line":78,"column":14}},"78":{"start":{"line":79,"column":0},"end":{"line":79,"column":17}},"79":{"start":{"line":80,"column":0},"end":{"line":80,"column":19}},"80":{"start":{"line":81,"column":0},"end":{"line":81,"column":23}},"81":{"start":{"line":82,"column":0},"end":{"line":82,"column":26}},"82":{"start":{"line":83,"column":0},"end":{"line":83,"column":16}},"83":{"start":{"line":84,"column":0},"end":{"line":84,"column":8}},"84":{"start":{"line":85,"column":0},"end":{"line":85,"column":5}},"85":{"start":{"line":86,"column":0},"end":{"line":86,"column":23}},"86":{"start":{"line":87,"column":0},"end":{"line":87,"column":27}},"87":{"start":{"line":88,"column":0},"end":{"line":88,"column":4}},"88":{"start":{"line":89,"column":0},"end":{"line":89,"column":2}}},"s":{"0":1,"1":1,"2":1,"3":1,"4":1,"5":1,"6":1,"7":1,"8":1,"9":1,"10":1,"11":1,"12":1,"13":1,"14":1,"15":1,"16":1,"17":1,"18":1,"19":1,"20":1,"21":1,"22":1,"23":1,"24":1,"25":1,"26":1,"27":1,"28":1,"29":1,"30":1,"31":1,"32":1,"33":0,"34":0,"35":1,"36":1,"37":1,"38":1,"39":1,"40":1,"41":1,"42":0,"43":0,"44":0,"45":1,"46":1,"47":1,"48":1,"49":1,"50":1,"51":1,"52":0,"53":0,"54":1,"55":1,"56":1,"57":1,"58":1,"59":0,"60":1,"61":1,"62":1,"63":1,"64":1,"65":1,"66":1,"67":1,"68":1,"69":1,"70":1,"71":1,"72":1,"73":1,"74":1,"75":1,"76":1,"77":1,"78":1,"79":1,"80":1,"81":1,"82":1,"83":1,"84":1,"85":1,"86":1,"87":1,"88":1},"branchMap":{"0":{"type":"branch","line":10,"loc":{"start":{"line":10,"column":24},"end":{"line":10,"column":23}},"locations":[{"start":{"line":10,"column":24},"end":{"line":10,"column":23}}]},"1":{"type":"branch","line":12,"loc":{"start":{"line":12,"column":25},"end":{"line":12,"column":24}},"locations":[{"start":{"line":12,"column":25},"end":{"line":12,"column":24}}]},"2":{"type":"branch","line":12,"loc":{"start":{"line":12,"column":28},"end":{"line":89,"column":1}},"locations":[{"start":{"line":12,"column":28},"end":{"line":89,"column":1}}]},"3":{"type":"branch","line":30,"loc":{"start":{"line":30,"column":22},"end":{"line":37,"column":3}},"locations":[{"start":{"line":30,"column":22},"end":{"line":37,"column":3}}]},"4":{"type":"branch","line":36,"loc":{"start":{"line":36,"column":13},"end":{"line":36,"column":42}},"locations":[{"start":{"line":36,"column":13},"end":{"line":36,"column":42}}]},"5":{"type":"branch","line":39,"loc":{"start":{"line":39,"column":30},"end":{"line":47,"column":3}},"locations":[{"start":{"line":39,"column":30},"end":{"line":47,"column":3}}]},"6":{"type":"branch","line":46,"loc":{"start":{"line":46,"column":13},"end":{"line":46,"column":42}},"locations":[{"start":{"line":46,"column":13},"end":{"line":46,"column":42}}]},"7":{"type":"branch","line":49,"loc":{"start":{"line":49,"column":26},"end":{"line":56,"column":3}},"locations":[{"start":{"line":49,"column":26},"end":{"line":56,"column":3}}]},"8":{"type":"branch","line":55,"loc":{"start":{"line":55,"column":13},"end":{"line":55,"column":42}},"locations":[{"start":{"line":55,"column":13},"end":{"line":55,"column":42}}]},"9":{"type":"branch","line":58,"loc":{"start":{"line":58,"column":12},"end":{"line":64,"column":5}},"locations":[{"start":{"line":58,"column":12},"end":{"line":64,"column":5}}]},"10":{"type":"branch","line":59,"loc":{"start":{"line":59,"column":18},"end":{"line":61,"column":11}},"locations":[{"start":{"line":59,"column":18},"end":{"line":61,"column":11}}]},"11":{"type":"branch","line":66,"loc":{"start":{"line":66,"column":12},"end":{"line":69,"column":5}},"locations":[{"start":{"line":66,"column":12},"end":{"line":69,"column":5}}]}},"b":{"0":[6],"1":[1],"2":[1],"3":[1],"4":[1],"5":[1],"6":[1],"7":[1],"8":[1],"9":[1],"10":[0],"11":[1]},"fnMap":{"0":{"name":"AuthContext","decl":{"start":{"line":10,"column":24},"end":{"line":10,"column":23}},"loc":{"start":{"line":10,"column":24},"end":{"line":10,"column":23}},"line":10},"1":{"name":"AuthProvider","decl":{"start":{"line":12,"column":25},"end":{"line":12,"column":24}},"loc":{"start":{"line":12,"column":25},"end":{"line":12,"column":24}},"line":12},"2":{"name":"AuthProvider","decl":{"start":{"line":12,"column":28},"end":{"line":89,"column":1}},"loc":{"start":{"line":12,"column":28},"end":{"line":89,"column":1}},"line":12},"3":{"name":"GetConcurso","decl":{"start":{"line":30,"column":22},"end":{"line":37,"column":3}},"loc":{"start":{"line":30,"column":22},"end":{"line":37,"column":3}},"line":30},"4":{"name":"GetLoteriasConcurso","decl":{"start":{"line":39,"column":30},"end":{"line":47,"column":3}},"loc":{"start":{"line":39,"column":30},"end":{"line":47,"column":3}},"line":39},"5":{"name":"GetConcursoById","decl":{"start":{"line":49,"column":26},"end":{"line":56,"column":3}},"loc":{"start":{"line":49,"column":26},"end":{"line":56,"column":3}},"line":49}},"f":{"0":6,"1":1,"2":1,"3":1,"4":1,"5":1}}
,"C:\\Users\\eudes.neto\\Desktop\\frontend-challange-react\\Loteria\\src\\utils\\colors.ts": {"path":"C:\\Users\\eudes.neto\\Desktop\\frontend-challange-react\\Loteria\\src\\utils\\colors.ts","all":false,"statementMap":{"0":{"start":{"line":1,"column":0},"end":{"line":1,"column":31}},"1":{"start":{"line":2,"column":0},"end":{"line":2,"column":28}},"2":{"start":{"line":3,"column":0},"end":{"line":3,"column":28}},"3":{"start":{"line":4,"column":0},"end":{"line":4,"column":30}},"4":{"start":{"line":5,"column":0},"end":{"line":5,"column":32}},"5":{"start":{"line":6,"column":0},"end":{"line":6,"column":30}},"6":{"start":{"line":7,"column":0},"end":{"line":7,"column":32}},"7":{"start":{"line":8,"column":0},"end":{"line":8,"column":35}},"8":{"start":{"line":9,"column":0},"end":{"line":9,"column":31}}},"s":{"0":1,"1":1,"2":1,"3":1,"4":1,"5":1,"6":1,"7":1,"8":1},"branchMap":{"0":{"type":"branch","line":1,"loc":{"start":{"line":1,"column":18},"end":{"line":1,"column":17}},"locations":[{"start":{"line":1,"column":18},"end":{"line":1,"column":17}}]},"1":{"type":"branch","line":2,"loc":{"start":{"line":2,"column":18},"end":{"line":2,"column":17}},"locations":[{"start":{"line":2,"column":18},"end":{"line":2,"column":17}}]},"2":{"type":"branch","line":4,"loc":{"start":{"line":4,"column":17},"end":{"line":4,"column":16}},"locations":[{"start":{"line":4,"column":17},"end":{"line":4,"column":16}}]}},"b":{"0":[2],"1":[3],"2":[1]},"fnMap":{"0":{"name":"green","decl":{"start":{"line":1,"column":18},"end":{"line":1,"column":17}},"loc":{"start":{"line":1,"column":18},"end":{"line":1,"column":17}},"line":1},"1":{"name":"white","decl":{"start":{"line":2,"column":18},"end":{"line":2,"column":17}},"loc":{"start":{"line":2,"column":18},"end":{"line":2,"column":17}},"line":2},"2":{"name":"black","decl":{"start":{"line":3,"column":18},"end":{"line":3,"column":17}},"loc":{"start":{"line":3,"column":18},"end":{"line":3,"column":17}},"line":3},"3":{"name":"gray","decl":{"start":{"line":4,"column":17},"end":{"line":4,"column":16}},"loc":{"start":{"line":4,"column":17},"end":{"line":4,"column":16}},"line":4},"4":{"name":"purple","decl":{"start":{"line":5,"column":19},"end":{"line":5,"column":18}},"loc":{"start":{"line":5,"column":19},"end":{"line":5,"column":18}},"line":5},"5":{"name":"pink","decl":{"start":{"line":6,"column":17},"end":{"line":6,"column":16}},"loc":{"start":{"line":6,"column":17},"end":{"line":6,"column":16}},"line":6},"6":{"name":"orange","decl":{"start":{"line":7,"column":19},"end":{"line":7,"column":18}},"loc":{"start":{"line":7,"column":19},"end":{"line":7,"column":18}},"line":7},"7":{"name":"darkGreen","decl":{"start":{"line":8,"column":22},"end":{"line":8,"column":21}},"loc":{"start":{"line":8,"column":22},"end":{"line":8,"column":21}},"line":8},"8":{"name":"beige","decl":{"start":{"line":9,"column":18},"end":{"line":9,"column":17}},"loc":{"start":{"line":9,"column":18},"end":{"line":9,"column":17}},"line":9}},"f":{"0":2,"1":3,"2":0,"3":1,"4":0,"5":0,"6":0,"7":0,"8":0}}
,"C:\\Users\\eudes.neto\\Desktop\\frontend-challange-react\\Loteria\\src\\utils\\urlApi.ts": {"path":"C:\\Users\\eudes.neto\\Desktop\\frontend-challange-react\\Loteria\\src\\utils\\urlApi.ts","all":false,"statementMap":{"0":{"start":{"line":1,"column":0},"end":{"line":1,"column":26}},"1":{"start":{"line":2,"column":0},"end":{"line":2,"column":62}},"2":{"start":{"line":3,"column":0},"end":{"line":3,"column":0}},"3":{"start":{"line":4,"column":0},"end":{"line":4,"column":35}},"4":{"start":{"line":5,"column":0},"end":{"line":5,"column":72}},"5":{"start":{"line":6,"column":0},"end":{"line":6,"column":0}},"6":{"start":{"line":7,"column":0},"end":{"line":7,"column":30}},"7":{"start":{"line":8,"column":0},"end":{"line":8,"column":63}}},"s":{"0":1,"1":1,"2":1,"3":1,"4":1,"5":1,"6":1,"7":1},"branchMap":{"0":{"type":"branch","line":1,"loc":{"start":{"line":1,"column":24},"end":{"line":1,"column":23}},"locations":[{"start":{"line":1,"column":24},"end":{"line":1,"column":23}}]},"1":{"type":"branch","line":4,"loc":{"start":{"line":4,"column":33},"end":{"line":4,"column":32}},"locations":[{"start":{"line":4,"column":33},"end":{"line":4,"column":32}}]},"2":{"type":"branch","line":7,"loc":{"start":{"line":7,"column":28},"end":{"line":7,"column":27}},"locations":[{"start":{"line":7,"column":28},"end":{"line":7,"column":27}}]}},"b":{"0":[1],"1":[1],"2":[1]},"fnMap":{"0":{"name":"urlLoterias","decl":{"start":{"line":1,"column":24},"end":{"line":1,"column":23}},"loc":{"start":{"line":1,"column":24},"end":{"line":1,"column":23}},"line":1},"1":{"name":"urlLoteriasConcursos","decl":{"start":{"line":4,"column":33},"end":{"line":4,"column":32}},"loc":{"start":{"line":4,"column":33},"end":{"line":4,"column":32}},"line":4},"2":{"name":"urlConcursoById","decl":{"start":{"line":7,"column":28},"end":{"line":7,"column":27}},"loc":{"start":{"line":7,"column":28},"end":{"line":7,"column":27}},"line":7}},"f":{"0":1,"1":1,"2":1}}
}
