TN:
SF:mocks\axiosMock.ts
FN:3,get
FN:3,GetConcurso
FNF:2
FNH:2
FNDA:1,get
FNDA:1,GetConcurso
DA:1,1
DA:2,1
DA:3,1
DA:4,1
DA:5,1
DA:6,1
DA:7,1
DA:8,1
LF:8
LH:8
BRDA:3,0,0,1
BRDA:3,1,0,1
BRF:2
BRH:2
end_of_record
TN:
SF:mocks\fileMock.js
FN:1,get
FNF:1
FNH:1
FNDA:2,get
DA:1,1
LF:1
LH:1
BRDA:1,0,0,2
BRF:1
BRH:1
end_of_record
TN:
SF:src\App.tsx
FN:14,get
FN:5,App
FNF:2
FNH:2
FNDA:1,get
FNDA:1,App
DA:1,1
DA:2,1
DA:3,1
DA:4,1
DA:5,1
DA:6,1
DA:7,1
DA:8,1
DA:9,1
DA:10,1
DA:11,1
DA:12,1
DA:13,1
DA:14,1
LF:14
LH:14
BRDA:14,0,0,1
BRDA:5,1,0,1
BRF:2
BRH:2
end_of_record
TN:
SF:src\global.ts
FN:3,get
FNF:1
FNH:1
FNDA:1,get
DA:1,1
DA:2,1
DA:3,1
DA:4,1
DA:5,1
DA:6,1
DA:7,1
DA:8,1
DA:9,1
DA:10,1
DA:11,1
DA:12,1
DA:13,1
DA:14,1
DA:15,1
DA:16,1
DA:17,1
DA:18,1
DA:19,1
DA:20,1
DA:21,1
DA:22,1
DA:23,1
DA:24,1
DA:25,1
DA:26,1
DA:27,1
DA:28,1
DA:29,1
DA:30,1
DA:31,1
DA:32,1
DA:33,1
DA:34,1
DA:35,1
DA:36,1
LF:36
LH:36
BRDA:3,0,0,1
BRF:1
BRH:1
end_of_record
TN:
SF:src\components\circleWithNumber\circle.tsx
FN:5,get
FN:5,CircleWithNumber
FNF:2
FNH:2
FNDA:2,get
FNDA:2,CircleWithNumber
DA:1,1
DA:2,1
DA:3,1
DA:4,1
DA:5,1
DA:6,2
DA:7,2
DA:8,2
DA:9,2
DA:10,2
DA:11,2
DA:12,2
DA:13,2
DA:14,2
DA:15,2
LF:15
LH:15
BRDA:5,0,0,2
BRDA:5,1,0,2
BRDA:10,2,0,0
BRF:3
BRH:2
end_of_record
TN:
SF:src\components\circleWithNumber\styles.ts
FN:4,ContainerCircle
FN:28,Circle
FNF:2
FNH:1
FNDA:2,ContainerCircle
FNDA:0,Circle
DA:1,1
DA:2,1
DA:3,1
DA:4,1
DA:5,1
DA:6,1
DA:7,1
DA:8,1
DA:9,1
DA:10,1
DA:11,1
DA:12,1
DA:13,1
DA:14,1
DA:15,1
DA:16,1
DA:17,1
DA:18,1
DA:19,1
DA:20,1
DA:21,1
DA:22,1
DA:23,1
DA:24,1
DA:25,1
DA:26,1
DA:27,1
DA:28,1
DA:29,1
DA:30,1
DA:31,1
DA:32,1
DA:33,1
DA:34,1
DA:35,1
DA:36,1
DA:37,1
DA:38,1
DA:39,1
DA:40,1
DA:41,1
DA:42,1
DA:43,1
DA:44,1
LF:44
LH:44
BRDA:4,0,0,2
BRF:1
BRH:1
end_of_record
TN:
SF:src\components\dropdown\dropdown.tsx
FN:5,get
FN:5,Dropdown
FN:8,handleChange
FNF:3
FNH:2
FNDA:2,get
FNDA:2,Dropdown
FNDA:0,handleChange
DA:1,1
DA:2,1
DA:3,1
DA:4,1
DA:5,1
DA:6,2
DA:7,2
DA:8,2
DA:9,0
DA:10,0
DA:11,0
DA:12,0
DA:13,0
DA:14,0
DA:15,0
DA:16,0
DA:17,0
DA:18,0
DA:19,0
DA:20,2
DA:21,2
DA:22,2
DA:23,2
DA:24,2
DA:25,2
DA:26,0
DA:27,0
DA:28,0
DA:29,0
DA:30,2
DA:31,2
DA:32,2
DA:33,2
DA:34,2
DA:35,2
DA:36,2
DA:37,2
LF:37
LH:22
BRDA:5,0,0,2
BRDA:5,1,0,2
BRDA:25,2,0,0
BRF:3
BRH:2
end_of_record
TN:
SF:src\components\dropdown\styles.ts
FN:3,get
FNF:1
FNH:1
FNDA:2,get
DA:1,1
DA:2,1
DA:3,1
DA:4,1
DA:5,1
DA:6,1
DA:7,1
DA:8,1
DA:9,1
DA:10,1
DA:11,1
DA:12,1
LF:12
LH:12
BRDA:3,0,0,2
BRF:1
BRH:1
end_of_record
TN:
SF:src\components\mainScreen\mainScreen.tsx
FN:9,get
FN:9,MainScreen
FNF:2
FNH:2
FNDA:2,get
FNDA:2,MainScreen
DA:1,1
DA:2,1
DA:3,1
DA:4,1
DA:5,1
DA:6,1
DA:7,1
DA:8,1
DA:9,1
DA:10,2
DA:11,2
DA:12,2
DA:13,2
DA:14,2
DA:15,2
DA:16,2
DA:17,0
DA:18,0
DA:19,0
DA:20,0
DA:21,0
DA:22,2
DA:23,2
DA:24,2
DA:25,2
DA:26,2
DA:27,2
DA:28,2
DA:29,2
DA:30,2
DA:31,2
DA:32,2
DA:33,2
DA:34,2
DA:35,2
DA:36,2
DA:37,2
DA:38,2
DA:39,2
DA:40,2
DA:41,2
DA:42,2
DA:43,2
DA:44,2
DA:45,2
DA:46,2
DA:47,2
DA:48,2
DA:49,2
LF:49
LH:44
BRDA:9,0,0,2
BRDA:9,1,0,2
BRDA:40,2,0,0
BRDA:15,3,0,2
BRDA:16,4,0,0
BRF:5
BRH:3
end_of_record
TN:
SF:src\components\mainScreen\styles.ts
FN:14,Container
FN:39,Sidebar
FN:80,Title
FNF:3
FNH:3
FNDA:2,Container
FNDA:2,Sidebar
FNDA:2,Title
DA:1,1
DA:2,1
DA:3,1
DA:4,1
DA:5,1
DA:6,1
DA:7,1
DA:8,1
DA:9,1
DA:10,1
DA:11,1
DA:12,1
DA:13,1
DA:14,1
DA:15,1
DA:16,1
DA:17,1
DA:18,1
DA:19,1
DA:20,1
DA:21,1
DA:22,1
DA:23,1
DA:24,1
DA:25,1
DA:26,1
DA:27,1
DA:28,1
DA:29,1
DA:30,1
DA:31,1
DA:32,1
DA:33,1
DA:34,1
DA:35,1
DA:36,1
DA:37,1
DA:38,1
DA:39,1
DA:40,1
DA:41,1
DA:42,1
DA:43,1
DA:44,1
DA:45,1
DA:46,1
DA:47,1
DA:48,1
DA:49,1
DA:50,1
DA:51,1
DA:52,1
DA:53,1
DA:54,1
DA:55,1
DA:56,1
DA:57,1
DA:58,1
DA:59,1
DA:60,1
DA:61,1
DA:62,1
DA:63,1
DA:64,1
DA:65,1
DA:66,1
DA:67,1
DA:68,1
DA:69,1
DA:70,1
DA:71,1
DA:72,1
DA:73,1
DA:74,1
DA:75,1
DA:76,1
DA:77,1
DA:78,1
DA:79,1
DA:80,1
DA:81,1
DA:82,1
DA:83,1
DA:84,1
DA:85,1
DA:86,1
DA:87,1
DA:88,1
DA:89,1
DA:90,1
DA:91,1
DA:92,1
DA:93,1
DA:94,1
DA:95,1
DA:96,1
DA:97,1
DA:98,1
DA:99,1
DA:100,1
DA:101,1
DA:102,1
DA:103,1
DA:104,1
DA:105,1
LF:105
LH:105
BRDA:14,0,0,2
BRDA:39,1,0,2
BRDA:80,2,0,2
BRF:3
BRH:3
end_of_record
TN:
SF:src\providers\auth.tsx
FN:10,AuthContext
FN:12,AuthProvider
FN:12,AuthProvider
FN:30,GetConcurso
FN:39,GetLoteriasConcurso
FN:49,GetConcursoById
FNF:6
FNH:6
FNDA:6,AuthContext
FNDA:1,AuthProvider
FNDA:1,AuthProvider
FNDA:1,GetConcurso
FNDA:1,GetLoteriasConcurso
FNDA:1,GetConcursoById
DA:1,1
DA:2,1
DA:3,1
DA:4,1
DA:5,1
DA:6,1
DA:7,1
DA:8,1
DA:9,1
DA:10,1
DA:11,1
DA:12,1
DA:13,1
DA:14,1
DA:15,1
DA:16,1
DA:17,1
DA:18,1
DA:19,1
DA:20,1
DA:21,1
DA:22,1
DA:23,1
DA:24,1
DA:25,1
DA:26,1
DA:27,1
DA:28,1
DA:29,1
DA:30,1
DA:31,1
DA:32,1
DA:33,1
DA:34,0
DA:35,0
DA:36,1
DA:37,1
DA:38,1
DA:39,1
DA:40,1
DA:41,1
DA:42,1
DA:43,0
DA:44,0
DA:45,0
DA:46,1
DA:47,1
DA:48,1
DA:49,1
DA:50,1
DA:51,1
DA:52,1
DA:53,0
DA:54,0
DA:55,1
DA:56,1
DA:57,1
DA:58,1
DA:59,1
DA:60,0
DA:61,1
DA:62,1
DA:63,1
DA:64,1
DA:65,1
DA:66,1
DA:67,1
DA:68,1
DA:69,1
DA:70,1
DA:71,1
DA:72,1
DA:73,1
DA:74,1
DA:75,1
DA:76,1
DA:77,1
DA:78,1
DA:79,1
DA:80,1
DA:81,1
DA:82,1
DA:83,1
DA:84,1
DA:85,1
DA:86,1
DA:87,1
DA:88,1
DA:89,1
LF:89
LH:81
BRDA:10,0,0,6
BRDA:12,1,0,1
BRDA:12,2,0,1
BRDA:30,3,0,1
BRDA:36,4,0,1
BRDA:39,5,0,1
BRDA:46,6,0,1
BRDA:49,7,0,1
BRDA:55,8,0,1
BRDA:58,9,0,1
BRDA:59,10,0,0
BRDA:66,11,0,1
BRF:12
BRH:11
end_of_record
TN:
SF:src\utils\colors.ts
FN:1,green
FN:2,white
FN:3,black
FN:4,gray
FN:5,purple
FN:6,pink
FN:7,orange
FN:8,darkGreen
FN:9,beige
FNF:9
FNH:3
FNDA:2,green
FNDA:3,white
FNDA:0,black
FNDA:1,gray
FNDA:0,purple
FNDA:0,pink
FNDA:0,orange
FNDA:0,darkGreen
FNDA:0,beige
DA:1,1
DA:2,1
DA:3,1
DA:4,1
DA:5,1
DA:6,1
DA:7,1
DA:8,1
DA:9,1
LF:9
LH:9
BRDA:1,0,0,2
BRDA:2,1,0,3
BRDA:4,2,0,1
BRF:3
BRH:3
end_of_record
TN:
SF:src\utils\urlApi.ts
FN:1,urlLoterias
FN:4,urlLoteriasConcursos
FN:7,urlConcursoById
FNF:3
FNH:3
FNDA:1,urlLoterias
FNDA:1,urlLoteriasConcursos
FNDA:1,urlConcursoById
DA:1,1
DA:2,1
DA:3,1
DA:4,1
DA:5,1
DA:6,1
DA:7,1
DA:8,1
LF:8
LH:8
BRDA:1,0,0,1
BRDA:4,1,0,1
BRDA:7,2,0,1
BRF:3
BRH:3
end_of_record
